/h/opent03/.conda/envs/dpddm/bin/python
/h/opent03/.conda/envs/dpddm/bin/python
/h/opent03/.conda/envs/dpddm/bin/python
/h/opent03/.conda/envs/dpddm/bin/python
/h/opent03/.conda/envs/dpddm/bin/python
/h/opent03/.conda/envs/dpddm/bin/python
/h/opent03/.conda/envs/dpddm/bin/python
/h/opent03/.conda/envs/dpddm/bin/python
/h/opent03/.conda/envs/dpddm/bin/python
/h/opent03/.conda/envs/dpddm/bin/python
/h/opent03/.conda/envs/dpddm/bin/python
/h/opent03/.conda/envs/dpddm/bin/python
/h/opent03/.conda/envs/dpddm/bin/python
/h/opent03/.conda/envs/dpddm/bin/python
/h/opent03/.conda/envs/dpddm/bin/python
/h/opent03/.conda/envs/dpddm/bin/python
/h/opent03/.conda/envs/dpddm/bin/python
/h/opent03/.conda/envs/dpddm/bin/python
/h/opent03/.conda/envs/dpddm/bin/python
/h/opent03/.conda/envs/dpddm/bin/python
/h/opent03/.conda/envs/dpddm/bin/python
Epoch:  0, train loss: 2.1710
Epoch:  0, valid loss: 1.3056
Epoch: 10, train loss: 1.1964
Epoch: 10, valid loss: 0.8011
Epoch: 20, train loss: 1.0991
Epoch: 20, valid loss: 0.7005
Epoch: 30, train loss: 1.0501
Epoch: 30, valid loss: 0.6417
Epoch: 40, train loss: 1.0169
Epoch: 40, valid loss: 0.6362
Epoch:  0, train loss: 18.7358
Epoch:  0, valid loss: 1.3692
Epoch: 10, train loss: 4.2980
Epoch: 10, valid loss: 0.9742
Epoch: 20, train loss: 4.1995
Epoch: 20, valid loss: 0.8946
Epoch: 30, train loss: 4.1538
Epoch: 30, valid loss: 0.8329
Epoch: 40, train loss: 4.1269
Epoch: 40, valid loss: 0.8031
Epoch:  0, train loss: 30.4457
Epoch:  0, valid loss: 1.6002
Epoch: 10, train loss: 5.8806
Epoch: 10, valid loss: 2.1772
Epoch: 20, train loss: 5.8762
Epoch: 20, valid loss: 2.1203
Epoch: 30, train loss: 5.8720
Epoch: 30, valid loss: 2.0890
Epoch: 40, train loss: 5.8692
Epoch: 40, valid loss: 2.0720
Epoch:  0, train loss: 17.4617
Epoch:  0, valid loss: 1.3316
Epoch: 10, train loss: 4.3357
Epoch: 10, valid loss: 1.0219
Epoch: 20, train loss: 4.2256
Epoch: 20, valid loss: 0.8911
Epoch: 30, train loss: 4.1641
Epoch: 30, valid loss: 0.8617
Epoch: 40, train loss: 4.1194
Epoch: 40, valid loss: 0.8164
Epoch:  0, train loss: 8.6366
Epoch:  0, valid loss: 1.3348
Epoch: 10, train loss: 2.7013
Epoch: 10, valid loss: 1.0118
Epoch: 20, train loss: 2.6271
Epoch: 20, valid loss: 0.9076
Epoch: 30, train loss: 2.5810
Epoch: 30, valid loss: 0.9121
Epoch: 40, train loss: 2.5555
Epoch: 40, valid loss: 0.8450
cifar10-train: 0.72
Epoch:  0, train loss: 73.8615
Epoch:  0, valid loss: 1.5182
Epoch: 10, train loss: 13.8727
Epoch: 10, valid loss: 2.0887
Epoch: 20, train loss: 13.8598
Epoch: 20, valid loss: 2.0499
Epoch: 30, train loss: 13.8518
Epoch: 30, valid loss: 2.0287
Epoch: 40, train loss: 13.8467
Epoch: 40, valid loss: 1.9973
Epoch:  0, train loss: 3.9035
Epoch:  0, valid loss: 1.5773
Epoch: 10, train loss: 1.3105
Epoch: 10, valid loss: 0.7600
Epoch: 20, train loss: 1.1155
Epoch: 20, valid loss: 0.5551
Epoch: 30, train loss: 1.0025
Epoch: 30, valid loss: 0.5580
Epoch: 40, train loss: 0.9216
Epoch: 40, valid loss: 0.4902
Epoch:  0, train loss: 3.5052
Epoch:  0, valid loss: 1.2782
Epoch: 10, train loss: 1.4851
Epoch: 10, valid loss: 0.7630
Epoch: 20, train loss: 1.3916
Epoch: 20, valid loss: 0.6702
Epoch: 30, train loss: 1.3386
Epoch: 30, valid loss: 0.6528
Epoch: 40, train loss: 1.3103
Epoch: 40, valid loss: 0.6235
cifar10-test: 0.03
cifar10.1: 1.0
cifar10-train: 0.66
cifar10-train: 0.22
cifar10-train: 0.6
cifar10-test: 0.09
cifar10.1: 1.0
cifar10-test: 0.09
cifar10-test: 0.11
cifar10.1: 0.45
cifar10.1: 1.0
Epoch:  0, train loss: 2.9371
Epoch:  0, valid loss: 1.3603
Epoch: 10, train loss: 1.2983
Epoch: 10, valid loss: 0.8819
Epoch: 20, train loss: 1.1721
Epoch: 20, valid loss: 0.7521
Epoch: 30, train loss: 1.1124
Epoch: 30, valid loss: 0.7052
Epoch: 40, train loss: 1.0660
Epoch: 40, valid loss: 0.6630
Epoch:  0, train loss: 3.4456
Epoch:  0, valid loss: 1.4191
Epoch: 10, train loss: 1.4533
Epoch: 10, valid loss: 0.8504
Epoch: 20, train loss: 1.3195
Epoch: 20, valid loss: 0.7385
Epoch: 30, train loss: 1.2559
Epoch: 30, valid loss: 0.7176
Epoch: 40, train loss: 1.2059
Epoch: 40, valid loss: 0.7219
Epoch:  0, train loss: 158.4580
Epoch:  0, valid loss: 1.4353
Epoch: 10, train loss: 29.9327
Epoch: 10, valid loss: 2.1735
Epoch: 20, train loss: 29.8838
Epoch: 20, valid loss: 2.1077
Epoch: 30, train loss: 29.8800
Epoch: 30, valid loss: 2.1266
Epoch: 40, train loss: 29.8778
Epoch: 40, valid loss: 2.1082
cifar10-train: 0.68
cifar10-train: 0.05
cifar10-train: 0.84
cifar10-test: 0.11
cifar10.1: 1.0
cifar10-test: 0.1
cifar10-train: 0.02
cifar10.1: 0.7
cifar10-test: 0.05
cifar10.1: 1.0
cifar10-test: 0.06
cifar10.1: 1.0
cifar10-train: 0.82
cifar10-train: 0.49
cifar10-test: 0.07
cifar10.1: 1.0
cifar10-test: 0.02
cifar10.1: 1.0
cifar10-train: 0.04
Epoch:  0, train loss: 69.4173
Epoch:  0, valid loss: 1.5499
Epoch: 10, train loss: 13.8810
Epoch: 10, valid loss: 2.0174
Epoch: 20, train loss: 13.8607
Epoch: 20, valid loss: 1.9266
Epoch: 30, train loss: 13.8455
Epoch: 30, valid loss: 1.8861
Epoch: 40, train loss: 13.8285
Epoch: 40, valid loss: 1.7627
cifar10-test: 0.04
cifar10.1: 0.44
cifar10-train: 0.07
cifar10-test: 0.07
cifar10.1: 0.15
Epoch:  0, train loss: 17.6106
Epoch:  0, valid loss: 1.4019
Epoch: 10, train loss: 4.2569
Epoch: 10, valid loss: 0.9635
Epoch: 20, train loss: 4.1496
Epoch: 20, valid loss: 0.8629
Epoch: 30, train loss: 4.0912
Epoch: 30, valid loss: 0.8102
Epoch: 40, train loss: 4.0590
Epoch: 40, valid loss: 0.8042
Epoch:  0, train loss: 2.4384
Epoch:  0, valid loss: 1.5818
Epoch: 10, train loss: 1.1736
Epoch: 10, valid loss: 0.7894
Epoch: 20, train loss: 0.9778
Epoch: 20, valid loss: 0.6369
Epoch: 30, train loss: 0.8648
Epoch: 30, valid loss: 0.5756
Epoch: 40, train loss: 0.7891
Epoch: 40, valid loss: 0.5820
Epoch:  0, train loss: 67.0539
Epoch:  0, valid loss: 1.6025
Epoch: 10, train loss: 13.8748
Epoch: 10, valid loss: 2.0755
Epoch: 20, train loss: 13.8633
Epoch: 20, valid loss: 1.9829
Epoch: 30, train loss: 13.8558
Epoch: 30, valid loss: 1.9505
Epoch: 40, train loss: 13.8498
Epoch: 40, valid loss: 1.9283
Epoch:  0, train loss: 5.4374
Epoch:  0, valid loss: 1.5164
Epoch: 10, train loss: 1.7574
Epoch: 10, valid loss: 0.7940
Epoch: 20, train loss: 1.6100
Epoch: 20, valid loss: 0.7217
Epoch: 30, train loss: 1.5266
Epoch: 30, valid loss: 0.6780
Epoch: 40, train loss: 1.4621
Epoch: 40, valid loss: 0.5660
Epoch:  0, train loss: 157.2997
Epoch:  0, valid loss: 1.5221
Epoch: 10, train loss: 29.8708
Epoch: 10, valid loss: 2.0933
Epoch: 20, train loss: 29.8568
Epoch: 20, valid loss: 2.0109
Epoch: 30, train loss: 29.8457
Epoch: 30, valid loss: 1.9714
Epoch: 40, train loss: 29.8372
Epoch: 40, valid loss: 1.9180
Epoch:  0, train loss: 34.7605
Epoch:  0, valid loss: 1.5762
Epoch: 10, train loss: 5.8783
Epoch: 10, valid loss: 2.1174
Epoch: 20, train loss: 5.8712
Epoch: 20, valid loss: 2.0734
Epoch: 30, train loss: 5.8664
Epoch: 30, valid loss: 2.0682
Epoch: 40, train loss: 5.8636
Epoch: 40, valid loss: 2.0455
cifar10-train: 0.67
cifar10-test: 0.06
cifar10.1: 1.0
cifar10-train: 0.38
cifar10-train: 0.11
cifar10-train: 0.16
cifar10-test: 0.05
cifar10-test: 0.06
cifar10.1: 1.0
cifar10.1: 0.46
cifar10-test: 0.05
cifar10.1: 0.99
Epoch:  0, train loss: 156.7237
Epoch:  0, valid loss: 1.4969
Epoch: 10, train loss: 29.8813
Epoch: 10, valid loss: 2.0636
Epoch: 20, train loss: 29.8712
Epoch: 20, valid loss: 1.9837
Epoch: 30, train loss: 29.8596
Epoch: 30, valid loss: 1.9537
Epoch: 40, train loss: 29.8489
Epoch: 40, valid loss: 1.8752
Epoch:  0, train loss: 157.0935
Epoch:  0, valid loss: 1.4625
Epoch: 10, train loss: 29.8761
Epoch: 10, valid loss: 2.1108
Epoch: 20, train loss: 29.8679
Epoch: 20, valid loss: 2.0744
Epoch: 30, train loss: 29.8603
Epoch: 30, valid loss: 2.0221
Epoch: 40, train loss: 29.8542
Epoch: 40, valid loss: 1.9999
Epoch:  0, train loss: 18.3271
Epoch:  0, valid loss: 1.3344
Epoch: 10, train loss: 4.3544
Epoch: 10, valid loss: 0.9714
Epoch: 20, train loss: 4.2087
Epoch: 20, valid loss: 0.8352
Epoch: 30, train loss: 4.1344
Epoch: 30, valid loss: 0.8070
Epoch: 40, train loss: 4.0832
Epoch: 40, valid loss: 0.7303
cifar10-train: 0.1
Epoch:  0, train loss: 3.9025
Epoch:  0, valid loss: 1.5439
Epoch: 10, train loss: 1.3061
Epoch: 10, valid loss: 0.7439
Epoch: 20, train loss: 1.1040
Epoch: 20, valid loss: 0.5574
Epoch: 30, train loss: 0.9932
Epoch: 30, valid loss: 0.5702
Epoch: 40, train loss: 0.9047
Epoch: 40, valid loss: 0.4912
cifar10-test: 0.08
cifar10-train: 0.11
cifar10.1: 0.36
cifar10-test: 0.1
cifar10.1: 0.72
cifar10-train: 0.05
cifar10-train: 0.21
cifar10-train: 0.54
cifar10-test: 0.05
cifar10-test: 0.11
cifar10.1: 0.56
cifar10.1: 0.41
cifar10-test: 0.07
cifar10.1: 1.0
cifar10-train: 0.04
cifar10-test: 0.07
cifar10.1: 1.0
Epoch:  0, train loss: 158.1882
Epoch:  0, valid loss: 1.6177
Epoch: 10, train loss: 29.8897
Epoch: 10, valid loss: 2.1782
Epoch: 20, train loss: 29.8859
Epoch: 20, valid loss: 2.1332
Epoch: 30, train loss: 29.8821
Epoch: 30, valid loss: 2.1345
Epoch: 40, train loss: 29.8794
Epoch: 40, valid loss: 2.1154
cifar10-train: 0.01
Epoch:  0, train loss: 67.8576
Epoch:  0, valid loss: 1.5935
Epoch: 10, train loss: 13.8910
Epoch: 10, valid loss: 2.1478
Epoch: 20, train loss: 13.8833
Epoch: 20, valid loss: 2.0954
Epoch: 30, train loss: 13.8785
Epoch: 30, valid loss: 2.0726
Epoch: 40, train loss: 13.8756
Epoch: 40, valid loss: 2.0595
cifar10-test: 0.06
cifar10.1: 0.26
cifar10-train: 0.06
cifar10-test: 0.07
cifar10.1: 0.54
Epoch:  0, train loss: 29.8650
Epoch:  0, valid loss: 1.6895
Epoch: 10, train loss: 5.8829
Epoch: 10, valid loss: 2.0667
Epoch: 20, train loss: 5.8737
Epoch: 20, valid loss: 2.0062
Epoch: 30, train loss: 5.8619
Epoch: 30, valid loss: 1.9768
Epoch: 40, train loss: 5.8546
Epoch: 40, valid loss: 1.9759
Epoch:  0, train loss: 156.5343
Epoch:  0, valid loss: 1.5556
Epoch: 10, train loss: 29.8851
Epoch: 10, valid loss: 2.0200
Epoch: 20, train loss: 29.8646
Epoch: 20, valid loss: 1.8735
Epoch: 30, train loss: 29.8405
Epoch: 30, valid loss: 1.8184
Epoch: 40, train loss: 29.8195
Epoch: 40, valid loss: 1.6957
Epoch:  0, train loss: 156.5343
Epoch:  0, valid loss: 1.5556
Epoch: 10, train loss: 29.8849
Epoch: 10, valid loss: 2.0166
Epoch: 20, train loss: 29.8649
Epoch: 20, valid loss: 1.8798
Epoch: 30, train loss: 29.8402
Epoch: 30, valid loss: 1.8126
Epoch: 40, train loss: 29.8189
Epoch: 40, valid loss: 1.6952
Epoch:  0, train loss: 169.2849
Epoch:  0, valid loss: 1.5145
Epoch: 10, train loss: 29.8828
Epoch: 10, valid loss: 2.0134
Epoch: 20, train loss: 29.8479
Epoch: 20, valid loss: 1.8440
Epoch: 30, train loss: 29.8200
Epoch: 30, valid loss: 1.7318
Epoch: 40, train loss: 29.7932
Epoch: 40, valid loss: 1.6865
Epoch:  0, train loss: 31.7044
Epoch:  0, valid loss: 1.9130
Epoch: 10, train loss: 5.8732
Epoch: 10, valid loss: 2.0298
Epoch: 20, train loss: 5.8514
Epoch: 20, valid loss: 1.9958
Epoch: 30, train loss: 5.8343
Epoch: 30, valid loss: 1.9350
Epoch: 40, train loss: 5.8227
Epoch: 40, valid loss: 1.9540
Epoch:  0, train loss: 73.8616
Epoch:  0, valid loss: 1.5198
Epoch: 10, train loss: 13.8727
Epoch: 10, valid loss: 2.0930
Epoch: 20, train loss: 13.8594
Epoch: 20, valid loss: 2.0461
Epoch: 30, train loss: 13.8513
Epoch: 30, valid loss: 2.0231
Epoch: 40, train loss: 13.8465
Epoch: 40, valid loss: 2.0006
Epoch:  0, train loss: 32.7103
Epoch:  0, valid loss: 1.6515
Epoch: 10, train loss: 5.8909
Epoch: 10, valid loss: 2.1531
Epoch: 20, train loss: 5.8842
Epoch: 20, valid loss: 2.0783
Epoch: 30, train loss: 5.8771
Epoch: 30, valid loss: 2.0505
Epoch: 40, train loss: 5.8733
Epoch: 40, valid loss: 2.0366
cifar10-train: 0.04
cifar10-test: 0.08
cifar10-train: 0.04
cifar10.1: 1.0
cifar10-test: 0.04
cifar10.1: 0.73
Epoch:  0, train loss: 27.7717
Epoch:  0, valid loss: 1.5940
Epoch: 10, train loss: 5.8831
Epoch: 10, valid loss: 2.1072
Epoch: 20, train loss: 5.8742
Epoch: 20, valid loss: 2.0564
Epoch: 30, train loss: 5.8679
Epoch: 30, valid loss: 2.0340
Epoch: 40, train loss: 5.8624
Epoch: 40, valid loss: 2.0140
cifar10-train: 0.06
cifar10-train: 0.07
cifar10-train: 0.07
cifar10-test: 0.08
cifar10.1: 0.68
cifar10-test: 0.04
cifar10-test: 0.11
cifar10.1: 0.8
cifar10-train: 0.21
cifar10.1: 0.43
cifar10-train: 0.08
Epoch:  0, train loss: 19.3630
Epoch:  0, valid loss: 1.4798
Epoch: 10, train loss: 4.1474
Epoch: 10, valid loss: 0.8646
Epoch: 20, train loss: 3.9121
Epoch: 20, valid loss: 0.6542
Epoch: 30, train loss: 3.7683
Epoch: 30, valid loss: 0.5732
Epoch: 40, train loss: 3.6652
Epoch: 40, valid loss: 0.5954
cifar10-test: 0.03
cifar10-test: 0.07
cifar10.1: 0.52
cifar10.1: 0.73
Epoch:  0, train loss: 31.7044
Epoch:  0, valid loss: 1.9130
Epoch: 10, train loss: 5.8737
Epoch: 10, valid loss: 2.0396
Epoch: 20, train loss: 5.8520
Epoch: 20, valid loss: 1.9996
Epoch: 30, train loss: 5.8357
Epoch: 30, valid loss: 1.9516
Epoch: 40, train loss: 5.8223
Epoch: 40, valid loss: 1.9793
cifar10-train: 0.06
cifar10-test: 0.08
cifar10.1: 0.54
cifar10-train: 0.02
cifar10-test: 0.11
cifar10.1: 1.0
cifar10-train: 0.11
cifar10-test: 0.09
cifar10.1: 0.56
Epoch:  0, train loss: 19.3598
Epoch:  0, valid loss: 1.4698
Epoch: 10, train loss: 4.1481
Epoch: 10, valid loss: 0.8637
Epoch: 20, train loss: 3.9102
Epoch: 20, valid loss: 0.6779
Epoch: 30, train loss: 3.7685
Epoch: 30, valid loss: 0.5875
Epoch: 40, train loss: 3.6677
Epoch: 40, valid loss: 0.5968
Epoch:  0, train loss: 2.8795
Epoch:  0, valid loss: 1.7772
Epoch: 10, train loss: 1.2031
Epoch: 10, valid loss: 0.8158
Epoch: 20, train loss: 0.9682
Epoch: 20, valid loss: 0.6300
Epoch: 30, train loss: 0.8344
Epoch: 30, valid loss: 0.6094
Epoch: 40, train loss: 0.7329
Epoch: 40, valid loss: 0.5584
Epoch:  0, train loss: 155.6815
Epoch:  0, valid loss: 1.5133
Epoch: 10, train loss: 29.8816
Epoch: 10, valid loss: 2.1517
Epoch: 20, train loss: 29.8767
Epoch: 20, valid loss: 2.1144
Epoch: 30, train loss: 29.8738
Epoch: 30, valid loss: 2.0967
Epoch: 40, train loss: 29.8702
Epoch: 40, valid loss: 2.0760
Epoch:  0, train loss: 66.6059
Epoch:  0, valid loss: 1.4835
Epoch: 10, train loss: 13.8802
Epoch: 10, valid loss: 2.1148
Epoch: 20, train loss: 13.8727
Epoch: 20, valid loss: 2.0845
Epoch: 30, train loss: 13.8670
Epoch: 30, valid loss: 2.0530
Epoch: 40, train loss: 13.8647
Epoch: 40, valid loss: 2.0578
cifar10-train: 0.0
Epoch:  0, train loss: 28.9524
Epoch:  0, valid loss: 1.5819
Epoch: 10, train loss: 5.8783
Epoch: 10, valid loss: 2.1978
Epoch: 20, train loss: 5.8744
Epoch: 20, valid loss: 2.1638
Epoch: 30, train loss: 5.8708
Epoch: 30, valid loss: 2.1570
Epoch: 40, train loss: 5.8690
Epoch: 40, valid loss: 2.1423
cifar10-train: 0.04
cifar10-test: 0.09
cifar10.1: 1.0
cifar10-test: 0.03
cifar10.1: 0.19
cifar10-train: 0.01
Epoch:  0, train loss: 30.6945
Epoch:  0, valid loss: 1.5256
Epoch: 10, train loss: 5.8738
Epoch: 10, valid loss: 2.0703
Epoch: 20, train loss: 5.8660
Epoch: 20, valid loss: 2.0146
Epoch: 30, train loss: 5.8615
Epoch: 30, valid loss: 1.9987
Epoch: 40, train loss: 5.8556
Epoch: 40, valid loss: 1.9763
Epoch:  0, train loss: 38.4144
Epoch:  0, valid loss: 1.5315
Epoch: 10, train loss: 5.8780
Epoch: 10, valid loss: 2.0972
Epoch: 20, train loss: 5.8699
Epoch: 20, valid loss: 2.0455
Epoch: 30, train loss: 5.8642
Epoch: 30, valid loss: 2.0218
Epoch: 40, train loss: 5.8597
Epoch: 40, valid loss: 2.0057
cifar10-test: 0.08
cifar10.1: 0.47
cifar10-train: 0.0
Epoch:  0, train loss: 159.6229
Epoch:  0, valid loss: 1.4765
Epoch: 10, train loss: 29.8743
Epoch: 10, valid loss: 1.9212
Epoch: 20, train loss: 29.8399
Epoch: 20, valid loss: 1.7610
Epoch: 30, train loss: 29.8101
Epoch: 30, valid loss: 1.7092
Epoch: 40, train loss: 29.7880
Epoch: 40, valid loss: 1.6152
cifar10-train: 0.06
cifar10-test: 0.07
cifar10-test: 0.05
cifar10.1: 0.1
cifar10.1: 1.0
cifar10-train: 0.13
cifar10-train: 0.04
Epoch:  0, train loss: 155.9018
Epoch:  0, valid loss: 1.6441
Epoch: 10, train loss: 29.8732
Epoch: 10, valid loss: 2.0252
Epoch: 20, train loss: 29.8581
Epoch: 20, valid loss: 1.9284
Epoch: 30, train loss: 29.8431
Epoch: 30, valid loss: 1.8580
Epoch: 40, train loss: 29.8294
Epoch: 40, valid loss: 1.8079
cifar10-test: 0.09
cifar10.1: 0.45
cifar10-test: 0.1
cifar10.1: 0.44
cifar10-train: 0.04
cifar10-test: 0.06
Epoch:  0, train loss: 69.4174
Epoch:  0, valid loss: 1.5499
Epoch: 10, train loss: 13.8812
Epoch: 10, valid loss: 2.0182
Epoch: 20, train loss: 13.8608
Epoch: 20, valid loss: 1.9280
Epoch: 30, train loss: 13.8453
Epoch: 30, valid loss: 1.8875
Epoch: 40, train loss: 13.8293
Epoch: 40, valid loss: 1.7622
cifar10.1: 1.0
cifar10-train: 0.07
cifar10-test: 0.07
cifar10.1: 0.36
cifar10-train: 0.12
cifar10-test: 0.1
Epoch:  0, train loss: 2.8795
Epoch:  0, valid loss: 1.7772
Epoch: 10, train loss: 1.2069
Epoch: 10, valid loss: 0.8507
Epoch: 20, train loss: 0.9742
Epoch: 20, valid loss: 0.6388
Epoch: 30, train loss: 0.8376
Epoch: 30, valid loss: 0.5806
Epoch: 40, train loss: 0.7418
Epoch: 40, valid loss: 0.5645
cifar10.1: 0.26
Epoch:  0, train loss: 2.8795
Epoch:  0, valid loss: 1.7772
Epoch: 10, train loss: 1.1957
Epoch: 10, valid loss: 0.8297
Epoch: 20, train loss: 0.9664
Epoch: 20, valid loss: 0.6244
Epoch: 30, train loss: 0.8280
Epoch: 30, valid loss: 0.6214
Epoch: 40, train loss: 0.7278
Epoch: 40, valid loss: 0.5536
cifar10-train: 0.04
cifar10-test: 0.06
cifar10-train: 0.05
cifar10.1: 1.0
cifar10-test: 0.07
cifar10.1: 1.0
Epoch:  0, train loss: 28.4432
Epoch:  0, valid loss: 1.5567
Epoch: 10, train loss: 5.8704
Epoch: 10, valid loss: 2.0808
Epoch: 20, train loss: 5.8583
Epoch: 20, valid loss: 1.9835
Epoch: 30, train loss: 5.8499
Epoch: 30, valid loss: 1.9763
Epoch: 40, train loss: 5.8444
Epoch: 40, valid loss: 1.9512
Epoch:  0, train loss: 155.6820
Epoch:  0, valid loss: 1.5120
Epoch: 10, train loss: 29.8816
Epoch: 10, valid loss: 2.1503
Epoch: 20, train loss: 29.8766
Epoch: 20, valid loss: 2.1196
Epoch: 30, train loss: 29.8735
Epoch: 30, valid loss: 2.0976
Epoch: 40, train loss: 29.8701
Epoch: 40, valid loss: 2.0769
Epoch:  0, train loss: 155.5793
Epoch:  0, valid loss: 1.5205
Epoch: 10, train loss: 29.8817
Epoch: 10, valid loss: 2.1646
Epoch: 20, train loss: 29.8764
Epoch: 20, valid loss: 2.1191
Epoch: 30, train loss: 29.8731
Epoch: 30, valid loss: 2.1029
Epoch: 40, train loss: 29.8707
Epoch: 40, valid loss: 2.0891
cifar10-train: 0.04
cifar10-train: 0.07
cifar10-test: 0.07
cifar10.1: 0.66
cifar10-test: 0.05
cifar10.1: 0.32
cifar10-train: 0.14
cifar10-test: 0.05
cifar10.1: 0.7
Epoch:  0, train loss: 29.8650
Epoch:  0, valid loss: 1.6895
Epoch: 10, train loss: 5.8897
Epoch: 10, valid loss: 2.1298
Epoch: 20, train loss: 5.8834
Epoch: 20, valid loss: 2.0901
Epoch: 30, train loss: 5.8748
Epoch: 30, valid loss: 2.0620
Epoch: 40, train loss: 5.8676
Epoch: 40, valid loss: 2.0537
Epoch:  0, train loss: 28.5711
Epoch:  0, valid loss: 1.8667
Epoch: 10, train loss: 5.8791
Epoch: 10, valid loss: 2.0575
Epoch: 20, train loss: 5.8599
Epoch: 20, valid loss: 1.9817
Epoch: 30, train loss: 5.8482
Epoch: 30, valid loss: 1.9984
Epoch: 40, train loss: 5.8377
Epoch: 40, valid loss: 1.9513
Epoch:  0, train loss: 34.7607
Epoch:  0, valid loss: 1.5810
Epoch: 10, train loss: 5.8787
Epoch: 10, valid loss: 2.1224
Epoch: 20, train loss: 5.8714
Epoch: 20, valid loss: 2.0710
Epoch: 30, train loss: 5.8664
Epoch: 30, valid loss: 2.0625
Epoch: 40, train loss: 5.8639
Epoch: 40, valid loss: 2.0410
Epoch:  0, train loss: 2.8795
Epoch:  0, valid loss: 1.7772
Epoch: 10, train loss: 1.1997
Epoch: 10, valid loss: 0.8340
Epoch: 20, train loss: 0.9650
Epoch: 20, valid loss: 0.6542
Epoch: 30, train loss: 0.8270
Epoch: 30, valid loss: 0.5866
Epoch: 40, train loss: 0.7277
Epoch: 40, valid loss: 0.5603
Epoch:  0, train loss: 5.7447
Epoch:  0, valid loss: 1.7655
Epoch: 10, train loss: 1.8637
Epoch: 10, valid loss: 0.9277
Epoch: 20, train loss: 1.6327
Epoch: 20, valid loss: 0.7211
Epoch: 30, train loss: 1.4999
Epoch: 30, valid loss: 0.6839
Epoch: 40, train loss: 1.4025
Epoch: 40, valid loss: 0.6240
cifar10-train: 0.1
cifar10-test: 0.1
cifar10.1: 0.4
cifar10-train: 0.11
cifar10-test: 0.05
cifar10.1: 0.58
Epoch:  0, train loss: 5.7447
Epoch:  0, valid loss: 1.7655
Epoch: 10, train loss: 1.8668
Epoch: 10, valid loss: 0.9277
Epoch: 20, train loss: 1.6341
Epoch: 20, valid loss: 0.7159
Epoch: 30, train loss: 1.5020
Epoch: 30, valid loss: 0.6954
Epoch: 40, train loss: 1.4078
Epoch: 40, valid loss: 0.5910
Epoch:  0, train loss: 38.4145
Epoch:  0, valid loss: 1.5313
Epoch: 10, train loss: 5.8783
Epoch: 10, valid loss: 2.0983
Epoch: 20, train loss: 5.8695
Epoch: 20, valid loss: 2.0469
Epoch: 30, train loss: 5.8643
Epoch: 30, valid loss: 2.0267
Epoch: 40, train loss: 5.8595
Epoch: 40, valid loss: 1.9981
cifar10-train: 0.09
cifar10-train: 0.02
cifar10-train: 0.09
cifar10-test: 0.09
cifar10-test: 0.1
cifar10-test: 0.07
cifar10.1: 1.0
cifar10.1: 0.44
cifar10.1: 1.0
cifar10-train: 0.03
cifar10-test: 0.06
cifar10.1: 0.52
cifar10-train: 0.01
Epoch:  0, train loss: 28.4426
Epoch:  0, valid loss: 1.5566
Epoch: 10, train loss: 5.8704
Epoch: 10, valid loss: 2.0753
Epoch: 20, train loss: 5.8584
Epoch: 20, valid loss: 1.9857
Epoch: 30, train loss: 5.8497
Epoch: 30, valid loss: 1.9814
Epoch: 40, train loss: 5.8442
Epoch: 40, valid loss: 1.9557
cifar10-test: 0.02
cifar10.1: 1.0
cifar10-train: 0.04
cifar10-test: 0.07
cifar10.1: 0.63
Epoch:  0, train loss: 2.8795
Epoch:  0, valid loss: 1.7772
Epoch: 10, train loss: 1.1975
Epoch: 10, valid loss: 0.8438
Epoch: 20, train loss: 0.9633
Epoch: 20, valid loss: 0.6233
Epoch: 30, train loss: 0.8286
Epoch: 30, valid loss: 0.6043
Epoch: 40, train loss: 0.7340
Epoch: 40, valid loss: 0.5850
Epoch:  0, train loss: 154.6552
Epoch:  0, valid loss: 1.4816
Epoch: 10, train loss: 29.8853
Epoch: 10, valid loss: 2.1346
Epoch: 20, train loss: 29.8802
Epoch: 20, valid loss: 2.1099
Epoch: 30, train loss: 29.8758
Epoch: 30, valid loss: 2.0928
Epoch: 40, train loss: 29.8744
Epoch: 40, valid loss: 2.0682
cifar10-train: 0.0
cifar10-test: 0.08
cifar10.1: 1.0
Epoch:  0, train loss: 31.7044
Epoch:  0, valid loss: 1.9130
Epoch: 10, train loss: 5.8737
Epoch: 10, valid loss: 2.0328
Epoch: 20, train loss: 5.8519
Epoch: 20, valid loss: 1.9949
Epoch: 30, train loss: 5.8348
Epoch: 30, valid loss: 1.9468
Epoch: 40, train loss: 5.8237
Epoch: 40, valid loss: 1.9742
cifar10-train: 0.09
Epoch:  0, train loss: 2.8795
Epoch:  0, valid loss: 1.7772
Epoch: 10, train loss: 1.1973
Epoch: 10, valid loss: 0.8030
Epoch: 20, train loss: 0.9549
Epoch: 20, valid loss: 0.6355
Epoch: 30, train loss: 0.8222
Epoch: 30, valid loss: 0.5698
Epoch: 40, train loss: 0.7245
Epoch: 40, valid loss: 0.5766
cifar10-test: 0.04
cifar10.1: 0.42
cifar10-train: 0.14
cifar10-train: 0.03
cifar10-test: 0.08
cifar10-test: 0.06
cifar10.1: 0.77
cifar10.1: 0.99
Epoch:  0, train loss: 28.9526
Epoch:  0, valid loss: 1.5818
Epoch: 10, train loss: 5.8783
Epoch: 10, valid loss: 2.1987
Epoch: 20, train loss: 5.8746
Epoch: 20, valid loss: 2.1696
Epoch: 30, train loss: 5.8710
Epoch: 30, valid loss: 2.1553
Epoch: 40, train loss: 5.8692
Epoch: 40, valid loss: 2.1435
Epoch:  0, train loss: 2.8795
Epoch:  0, valid loss: 1.7772
Epoch: 10, train loss: 1.1948
Epoch: 10, valid loss: 0.7898
Epoch: 20, train loss: 0.9506
Epoch: 20, valid loss: 0.6127
Epoch: 30, train loss: 0.8121
Epoch: 30, valid loss: 0.5541
Epoch: 40, train loss: 0.7113
Epoch: 40, valid loss: 0.5253
Epoch:  0, train loss: 29.8650
Epoch:  0, valid loss: 1.6895
Epoch: 10, train loss: 5.8831
Epoch: 10, valid loss: 2.0673
Epoch: 20, train loss: 5.8739
Epoch: 20, valid loss: 2.0064
Epoch: 30, train loss: 5.8621
Epoch: 30, valid loss: 1.9805
Epoch: 40, train loss: 5.8543
Epoch: 40, valid loss: 1.9830
cifar10-train: 0.05
Epoch:  0, train loss: 38.4144
Epoch:  0, valid loss: 1.5311
Epoch: 10, train loss: 5.8783
Epoch: 10, valid loss: 2.0990
Epoch: 20, train loss: 5.8696
Epoch: 20, valid loss: 2.0493
Epoch: 30, train loss: 5.8641
Epoch: 30, valid loss: 2.0209
Epoch: 40, train loss: 5.8599
Epoch: 40, valid loss: 1.9993
cifar10-test: 0.12
cifar10.1: 0.22
Epoch:  0, train loss: 29.9337
Epoch:  0, valid loss: 1.9478
Epoch: 10, train loss: 5.8763
Epoch: 10, valid loss: 2.0443
Epoch: 20, train loss: 5.8612
Epoch: 20, valid loss: 2.0088
Epoch: 30, train loss: 5.8507
Epoch: 30, valid loss: 1.9744
Epoch: 40, train loss: 5.8407
Epoch: 40, valid loss: 1.9543
Epoch:  0, train loss: 28.4422
Epoch:  0, valid loss: 1.5558
Epoch: 10, train loss: 5.8706
Epoch: 10, valid loss: 2.0717
Epoch: 20, train loss: 5.8585
Epoch: 20, valid loss: 1.9870
Epoch: 30, train loss: 5.8492
Epoch: 30, valid loss: 1.9844
Epoch: 40, train loss: 5.8435
Epoch: 40, valid loss: 1.9498
cifar10-train: 0.0
cifar10-test: 0.07
cifar10.1: 1.0
cifar10-train: 0.02
cifar10-train: 0.05
cifar10-test: 0.07
cifar10.1: 0.51
cifar10-test: 0.05
cifar10.1: 0.96
cifar10-train: 0.01
cifar10-test: 0.04
cifar10.1: 0.77
cifar10-train: 0.08
cifar10-test: 0.1
cifar10.1: 0.59
Epoch:  0, train loss: 37.8210
Epoch:  0, valid loss: 1.5582
Epoch: 10, train loss: 5.8737
Epoch: 10, valid loss: 2.0517
Epoch: 20, train loss: 5.8608
Epoch: 20, valid loss: 1.9994
Epoch: 30, train loss: 5.8528
Epoch: 30, valid loss: 1.9699
Epoch: 40, train loss: 5.8454
Epoch: 40, valid loss: 1.9448
cifar10-train: 0.08
Epoch:  0, train loss: 38.4144
Epoch:  0, valid loss: 1.5329
Epoch: 10, train loss: 5.8785
Epoch: 10, valid loss: 2.0994
Epoch: 20, train loss: 5.8697
Epoch: 20, valid loss: 2.0468
Epoch: 30, train loss: 5.8644
Epoch: 30, valid loss: 2.0228
Epoch: 40, train loss: 5.8600
Epoch: 40, valid loss: 2.0006
cifar10-test: 0.07
cifar10.1: 0.71
Epoch:  0, train loss: 2.8795
Epoch:  0, valid loss: 1.7772
Epoch: 10, train loss: 1.2031
Epoch: 10, valid loss: 0.8158
Epoch: 20, train loss: 0.9682
Epoch: 20, valid loss: 0.6300
Epoch: 30, train loss: 0.8344
Epoch: 30, valid loss: 0.6094
Epoch: 40, train loss: 0.7329
Epoch: 40, valid loss: 0.5584
Epoch:  0, train loss: 34.7602
Epoch:  0, valid loss: 1.5753
Epoch: 10, train loss: 5.8784
Epoch: 10, valid loss: 2.1191
Epoch: 20, train loss: 5.8713
Epoch: 20, valid loss: 2.0716
Epoch: 30, train loss: 5.8666
Epoch: 30, valid loss: 2.0673
Epoch: 40, train loss: 5.8639
Epoch: 40, valid loss: 2.0524
cifar10-train: 0.01
cifar10-test: 0.08
cifar10.1: 0.48
Epoch:  0, train loss: 28.9523
Epoch:  0, valid loss: 1.5820
Epoch: 10, train loss: 5.8783
Epoch: 10, valid loss: 2.1990
Epoch: 20, train loss: 5.8744
Epoch: 20, valid loss: 2.1689
Epoch: 30, train loss: 5.8709
Epoch: 30, valid loss: 2.1550
Epoch: 40, train loss: 5.8690
Epoch: 40, valid loss: 2.1396
cifar10-train: 0.12
cifar10-train: 0.0
cifar10-test: 0.08
cifar10.1: 0.63
cifar10-test: 0.07
cifar10.1: 1.0
cifar10-train: 0.1
Epoch:  0, train loss: 2.6067
Epoch:  0, valid loss: 2.0698
Epoch: 10, train loss: 1.1773
Epoch: 10, valid loss: 0.8081
Epoch: 20, train loss: 0.9252
Epoch: 20, valid loss: 0.6082
Epoch: 30, train loss: 0.7977
Epoch: 30, valid loss: 0.5406
Epoch: 40, train loss: 0.7141
Epoch: 40, valid loss: 0.5151
cifar10-test: 0.08
cifar10.1: 0.17
cifar10-train: 0.01
cifar10-test: 0.03
cifar10.1: 1.0
Epoch:  0, train loss: 38.4143
Epoch:  0, valid loss: 1.5312
Epoch: 10, train loss: 5.8783
Epoch: 10, valid loss: 2.0971
Epoch: 20, train loss: 5.8696
Epoch: 20, valid loss: 2.0434
Epoch: 30, train loss: 5.8645
Epoch: 30, valid loss: 2.0227
Epoch: 40, train loss: 5.8604
Epoch: 40, valid loss: 2.0017
Epoch:  0, train loss: 2.8795
Epoch:  0, valid loss: 1.7772
Epoch: 10, train loss: 1.1963
Epoch: 10, valid loss: 0.8085
Epoch: 20, train loss: 0.9511
Epoch: 20, valid loss: 0.5995
Epoch: 30, train loss: 0.8164
Epoch: 30, valid loss: 0.6070
Epoch: 40, train loss: 0.7159
Epoch: 40, valid loss: 0.5301
cifar10-train: 0.02
cifar10-test: 0.1
cifar10.1: 0.4
Epoch:  0, train loss: 38.4144
Epoch:  0, valid loss: 1.5324
Epoch: 10, train loss: 5.8782
Epoch: 10, valid loss: 2.1000
Epoch: 20, train loss: 5.8691
Epoch: 20, valid loss: 2.0500
Epoch: 30, train loss: 5.8642
Epoch: 30, valid loss: 2.0194
Epoch: 40, train loss: 5.8599
Epoch: 40, valid loss: 1.9964
cifar10-train: 0.04
cifar10-test: 0.05
cifar10.1: 1.0
Epoch:  0, train loss: 2.8795
Epoch:  0, valid loss: 1.7772
Epoch: 10, train loss: 1.2036
Epoch: 10, valid loss: 0.8475
Epoch: 20, train loss: 0.9664
Epoch: 20, valid loss: 0.6415
Epoch: 30, train loss: 0.8285
Epoch: 30, valid loss: 0.5896
Epoch: 40, train loss: 0.7319
Epoch: 40, valid loss: 0.5291
cifar10-train: 0.02
Epoch:  0, train loss: 2.8795
Epoch:  0, valid loss: 1.7772
Epoch: 10, train loss: 1.2002
Epoch: 10, valid loss: 0.8240
Epoch: 20, train loss: 0.9648
Epoch: 20, valid loss: 0.6151
Epoch: 30, train loss: 0.8247
Epoch: 30, valid loss: 0.5790
Epoch: 40, train loss: 0.7312
Epoch: 40, valid loss: 0.5807
Epoch:  0, train loss: 37.8218
Epoch:  0, valid loss: 1.5604
Epoch: 10, train loss: 5.8737
Epoch: 10, valid loss: 2.0553
Epoch: 20, train loss: 5.8622
Epoch: 20, valid loss: 2.0025
Epoch: 30, train loss: 5.8531
Epoch: 30, valid loss: 1.9822
Epoch: 40, train loss: 5.8460
Epoch: 40, valid loss: 1.9402
cifar10-test: 0.05
cifar10.1: 0.32
Epoch:  0, train loss: 38.4142
Epoch:  0, valid loss: 1.5307
Epoch: 10, train loss: 5.8783
Epoch: 10, valid loss: 2.1016
Epoch: 20, train loss: 5.8697
Epoch: 20, valid loss: 2.0506
Epoch: 30, train loss: 5.8646
Epoch: 30, valid loss: 2.0285
Epoch: 40, train loss: 5.8599
Epoch: 40, valid loss: 1.9982
cifar10-train: 0.12
cifar10-test: 0.08
cifar10.1: 1.0
cifar10-train: 0.02
cifar10-train: 0.04
cifar10-test: 0.04
cifar10-test: 0.1
cifar10.1: 0.43
cifar10.1: 1.0
cifar10-train: 0.0
cifar10-test: 0.06
cifar10.1: 0.4
Epoch:  0, train loss: 28.5711
Epoch:  0, valid loss: 1.8667
Epoch: 10, train loss: 5.8815
Epoch: 10, valid loss: 2.0775
Epoch: 20, train loss: 5.8598
Epoch: 20, valid loss: 1.9827
Epoch: 30, train loss: 5.8480
Epoch: 30, valid loss: 1.9951
Epoch: 40, train loss: 5.8374
Epoch: 40, valid loss: 1.9498
Epoch:  0, train loss: 28.9524
Epoch:  0, valid loss: 1.5823
Epoch: 10, train loss: 5.8783
Epoch: 10, valid loss: 2.1978
Epoch: 20, train loss: 5.8744
Epoch: 20, valid loss: 2.1658
Epoch: 30, train loss: 5.8711
Epoch: 30, valid loss: 2.1550
Epoch: 40, train loss: 5.8691
Epoch: 40, valid loss: 2.1404
cifar10-train: 0.07
cifar10-test: 0.03
cifar10.1: 0.52
Epoch:  0, train loss: 28.0709
Epoch:  0, valid loss: 2.0665
Epoch: 10, train loss: 5.8779
Epoch: 10, valid loss: 2.1532
Epoch: 20, train loss: 5.8548
Epoch: 20, valid loss: 1.9951
Epoch: 30, train loss: 5.8388
Epoch: 30, valid loss: 1.9303
Epoch: 40, train loss: 5.8290
Epoch: 40, valid loss: 1.9198
Epoch:  0, train loss: 5.7447
Epoch:  0, valid loss: 1.7655
Epoch: 10, train loss: 1.8628
Epoch: 10, valid loss: 0.9355
Epoch: 20, train loss: 1.6322
Epoch: 20, valid loss: 0.7379
Epoch: 30, train loss: 1.5035
Epoch: 30, valid loss: 0.6709
Epoch: 40, train loss: 1.4055
Epoch: 40, valid loss: 0.6350
Epoch:  0, train loss: 32.7103
Epoch:  0, valid loss: 1.6515
Epoch: 10, train loss: 5.8918
Epoch: 10, valid loss: 2.1504
Epoch: 20, train loss: 5.8843
Epoch: 20, valid loss: 2.0792
Epoch: 30, train loss: 5.8774
Epoch: 30, valid loss: 2.0539
Epoch: 40, train loss: 5.8729
Epoch: 40, valid loss: 2.0290
cifar10-train: 0.09
cifar10-test: 0.03
cifar10.1: 0.16
